Build started 11/2/2014 8:56:46 PM.
     1>Project "C:\SamWeissmanCS3113\MatrixVectorHW\NYUCodebase\NYUCodebase.vcxproj" on node 2 (Build target(s)).
     1>ClCompile:
         C:\Program Files (x86)\Microsoft Visual Studio 12.0\VC\bin\CL.exe /c /IC:\SDL2\include /IC:\SDL2_image\include /ZI /nologo /W3 /WX- /sdl /Od /Oy- /D _MBCS /Gm /EHsc /RTC1 /MDd /GS /fp:precise /Zc:wchar_t /Zc:forScope /Fo"Debug\\" /Fd"Debug\vc120.pdb" /Gd /TP /analyze- /errorReport:prompt GameManager.cpp
         GameManager.cpp
     1>c:\samweissmancs3113\matrixvectorhw\nyucodebase\gamemanager.cpp(55): warning C4018: '<' : signed/unsigned mismatch
     1>c:\samweissmancs3113\matrixvectorhw\nyucodebase\gamemanager.cpp(97): warning C4018: '<' : signed/unsigned mismatch
     1>c:\samweissmancs3113\matrixvectorhw\nyucodebase\gamemanager.cpp(110): warning C4018: '<' : signed/unsigned mismatch
     1>c:\samweissmancs3113\matrixvectorhw\nyucodebase\gamemanager.cpp(152): warning C4018: '<' : signed/unsigned mismatch
     1>c:\samweissmancs3113\matrixvectorhw\nyucodebase\gamemanager.cpp(179): warning C4018: '<' : signed/unsigned mismatch
     1>c:\samweissmancs3113\matrixvectorhw\nyucodebase\gamemanager.cpp(210): warning C4244: 'argument' : conversion from 'double' to 'float', possible loss of data
     1>c:\samweissmancs3113\matrixvectorhw\nyucodebase\gamemanager.cpp(211): warning C4244: 'argument' : conversion from 'double' to 'float', possible loss of data
     1>c:\samweissmancs3113\matrixvectorhw\nyucodebase\gamemanager.cpp(212): warning C4244: 'argument' : conversion from 'double' to 'float', possible loss of data
     1>c:\samweissmancs3113\matrixvectorhw\nyucodebase\gamemanager.cpp(213): warning C4244: 'argument' : conversion from 'double' to 'float', possible loss of data
     1>c:\samweissmancs3113\matrixvectorhw\nyucodebase\gamemanager.cpp(248): warning C4244: 'argument' : conversion from 'double' to 'float', possible loss of data
     1>c:\samweissmancs3113\matrixvectorhw\nyucodebase\gamemanager.cpp(249): warning C4244: 'argument' : conversion from 'double' to 'float', possible loss of data
     1>c:\samweissmancs3113\matrixvectorhw\nyucodebase\gamemanager.cpp(250): warning C4244: 'argument' : conversion from 'double' to 'float', possible loss of data
     1>c:\samweissmancs3113\matrixvectorhw\nyucodebase\gamemanager.cpp(251): warning C4244: 'argument' : conversion from 'double' to 'float', possible loss of data
       Link:
         C:\Program Files (x86)\Microsoft Visual Studio 12.0\VC\bin\link.exe /ERRORREPORT:PROMPT /OUT:"C:\SamWeissmanCS3113\MatrixVectorHW\Debug\NYUCodebase.exe" /INCREMENTAL /NOLOGO /LIBPATH:C:\SDL2\lib\x86 /LIBPATH:C:\SDL2_image\lib\x86 SDL2.lib SDL2main.lib SDL2_image.lib OpenGL32.lib /MANIFEST /MANIFESTUAC:"level='asInvoker' uiAccess='false'" /manifest:embed /DEBUG /PDB:"C:\SamWeissmanCS3113\MatrixVectorHW\Debug\NYUCodebase.pdb" /SUBSYSTEM:WINDOWS /TLBID:1 /DYNAMICBASE /NXCOMPAT /IMPLIB:"C:\SamWeissmanCS3113\MatrixVectorHW\Debug\NYUCodebase.lib" /MACHINE:X86 Debug\DrawingManager.obj
         Debug\Entity.obj
         Debug\GameManager.obj
         Debug\main.obj
         Debug\Matrix.obj
         Debug\Player.obj
         Debug\Vector.obj
         NYUCodebase.vcxproj -> C:\SamWeissmanCS3113\MatrixVectorHW\Debug\NYUCodebase.exe
     1>Done Building Project "C:\SamWeissmanCS3113\MatrixVectorHW\NYUCodebase\NYUCodebase.vcxproj" (Build target(s)).

Build succeeded.

Time Elapsed 00:00:02.29
