Build started 9/27/2014 1:39:00 PM.
     1>Project "C:\SamWeissmanCS3113\SpaceInvaderHW\NYUCodebase\NYUCodebase\NYUCodebase.vcxproj" on node 2 (Build target(s)).
     1>ClCompile:
         C:\Program Files (x86)\Microsoft Visual Studio 12.0\VC\bin\CL.exe /c /IC:\SDL2\include /IC:\SDL2_image\include /ZI /nologo /W3 /WX- /sdl /Od /Oy- /D _MBCS /Gm /EHsc /RTC1 /MDd /GS /fp:precise /Zc:wchar_t /Zc:forScope /Fo"Debug\\" /Fd"Debug\vc120.pdb" /Gd /TP /analyze- /errorReport:prompt DrawingManager.cpp GameManager.cpp
         GameManager.cpp
     1>c:\samweissmancs3113\spaceinvaderhw\nyucodebase\nyucodebase\gamemanager.cpp(79): warning C4018: '<' : signed/unsigned mismatch
     1>c:\samweissmancs3113\spaceinvaderhw\nyucodebase\nyucodebase\gamemanager.cpp(104): warning C4018: '<' : signed/unsigned mismatch
         DrawingManager.cpp
     1>c:\samweissmancs3113\spaceinvaderhw\nyucodebase\nyucodebase\drawingmanager.cpp(82): warning C4018: '<' : signed/unsigned mismatch
         Generating Code...
       Link:
         C:\Program Files (x86)\Microsoft Visual Studio 12.0\VC\bin\link.exe /ERRORREPORT:PROMPT /OUT:"C:\SamWeissmanCS3113\SpaceInvaderHW\NYUCodebase\Debug\NYUCodebase.exe" /INCREMENTAL /NOLOGO /LIBPATH:C:\SDL2\lib\x86 /LIBPATH:C:\SDL2_image\lib\x86 SDL2.lib SDL2main.lib SDL2_image.lib OpenGL32.lib /MANIFEST /MANIFESTUAC:"level='asInvoker' uiAccess='false'" /manifest:embed /DEBUG /PDB:"C:\SamWeissmanCS3113\SpaceInvaderHW\NYUCodebase\Debug\NYUCodebase.pdb" /SUBSYSTEM:WINDOWS /TLBID:1 /DYNAMICBASE /NXCOMPAT /IMPLIB:"C:\SamWeissmanCS3113\SpaceInvaderHW\NYUCodebase\Debug\NYUCodebase.lib" /MACHINE:X86 Debug\Bullet.obj
         Debug\CollisionManager.obj
         Debug\DrawingManager.obj
         Debug\Entity.obj
         Debug\EntityManager.obj
         Debug\GameManager.obj
         Debug\main.obj
         Debug\Player.obj
         NYUCodebase.vcxproj -> C:\SamWeissmanCS3113\SpaceInvaderHW\NYUCodebase\Debug\NYUCodebase.exe
     1>Done Building Project "C:\SamWeissmanCS3113\SpaceInvaderHW\NYUCodebase\NYUCodebase\NYUCodebase.vcxproj" (Build target(s)).

Build succeeded.

Time Elapsed 00:00:04.13
